SF:lib/manual_infinite_list_view.dart
DA:43,1
DA:66,1
DA:67,1
DA:76,1
DA:78,1
DA:80,4
DA:83,1
DA:86,1
DA:87,2
DA:88,1
DA:90,1
DA:91,1
DA:94,1
DA:95,0
DA:98,1
DA:99,1
DA:100,1
DA:101,2
DA:104,1
DA:105,0
DA:109,1
DA:110,0
DA:111,0
DA:113,0
DA:114,0
DA:117,1
DA:118,2
DA:119,2
DA:120,1
DA:121,2
DA:122,2
DA:123,1
DA:124,2
DA:125,2
DA:127,2
DA:129,1
DA:132,2
DA:135,2
DA:136,2
DA:140,2
DA:141,1
DA:143,3
DA:144,2
DA:145,2
DA:149,1
DA:151,2
DA:152,4
DA:156,1
DA:171,1
DA:172,1
DA:173,1
DA:177,2
DA:181,1
DA:182,4
DA:183,0
DA:186,0
DA:187,0
DA:210,1
DA:211,3
DA:217,0
DA:218,0
DA:219,0
DA:224,0
DA:225,0
DA:231,1
DA:232,3
LF:66
LH:52
end_of_record
SF:lib/automatic_infinite_list_view.dart
DA:82,1
DA:126,1
DA:128,1
DA:137,1
DA:139,1
DA:142,2
DA:143,3
DA:146,4
DA:149,1
DA:152,3
DA:153,2
DA:154,1
DA:160,1
DA:161,1
DA:162,3
DA:163,1
DA:164,4
DA:172,1
DA:173,2
DA:175,3
DA:176,3
DA:179,2
DA:180,2
DA:183,5
DA:187,3
DA:190,1
DA:192,1
DA:193,2
DA:194,1
DA:197,1
DA:199,1
DA:200,1
DA:202,3
DA:203,1
DA:204,1
DA:205,1
DA:207,2
DA:210,1
DA:211,1
DA:215,1
DA:216,1
DA:218,4
DA:220,4
DA:221,3
DA:224,1
DA:239,1
DA:241,1
DA:243,3
DA:244,2
DA:245,3
DA:249,4
DA:250,1
DA:251,1
DA:252,3
DA:253,2
DA:254,2
DA:258,1
DA:259,1
DA:264,1
DA:265,2
DA:266,2
DA:267,1
DA:268,2
DA:269,2
DA:270,1
DA:271,2
DA:272,2
DA:274,2
DA:283,3
DA:284,1
DA:285,1
DA:297,1
DA:298,2
DA:300,2
DA:302,1
DA:307,1
DA:310,2
DA:311,1
DA:313,2
DA:314,5
DA:318,3
DA:319,1
DA:320,1
DA:321,2
DA:322,2
DA:328,1
DA:329,1
DA:330,2
DA:331,2
DA:338,1
DA:339,3
DA:344,1
DA:345,3
DA:346,0
DA:350,1
DA:351,3
DA:356,1
DA:357,3
LF:98
LH:97
end_of_record
SF:lib/bloc_infinity_list.dart
DA:142,1
DA:185,1
DA:207,1
DA:249,1
DA:270,1
LF:5
LH:5
end_of_record
SF:lib/infinite_list_bloc/infinite_list_state.dart
DA:9,1
DA:12,1
DA:13,2
DA:17,0
DA:20,0
DA:21,0
DA:26,1
DA:29,4
DA:41,1
DA:43,1
DA:44,2
DA:50,3
DA:56,1
DA:62,1
DA:68,1
DA:77,1
DA:79,0
DA:80,0
LF:18
LH:13
end_of_record
SF:lib/infinite_list_bloc/infinite_list_bloc.dart
DA:15,0
DA:23,1
DA:26,1
DA:27,1
DA:28,1
DA:29,1
DA:33,1
DA:35,1
DA:36,2
DA:37,2
DA:41,1
DA:43,2
DA:47,3
DA:48,2
DA:49,4
DA:53,2
DA:54,2
DA:55,4
DA:56,3
DA:59,3
DA:60,2
DA:61,2
DA:62,1
DA:65,2
DA:69,1
DA:71,2
DA:74,4
DA:75,1
DA:76,2
DA:77,4
DA:79,4
DA:80,1
DA:81,4
DA:83,5
DA:86,0
DA:87,0
DA:88,0
DA:89,0
DA:92,2
LF:39
LH:34
end_of_record
SF:lib/infinite_list_bloc/infinite_list_event.dart
DA:7,0
DA:8,0
DA:22,1
DA:24,0
DA:25,0
LF:5
LH:1
end_of_record
